[INFO] Parsing configuration file: conf.d/webserv.conf
[INFO] conf.d/webserv.conf: Success
[INFO] STATUS Running...
[INFO] STATUS Reloading...
[INFO] STATUS Stopping...
[INFO] Parsing configuration file: conf.d/webserv.conf
[INFO] conf.d/webserv.conf: Success
[INFO] STATUS Running...
[INFO] STATUS Reloading...
[INFO] STATUS Stopping...
[INFO] Parsing configuration file: conf.d/webserv.conf
[INFO] conf.d/webserv.conf: Success
[INFO] STATUS Running...
[INFO] STATUS Reopened log files
[INFO] STATUS Reopened log files
[INFO] STATUS Reloading...
[INFO] STATUS Stopping...
[INFO] Parsing configuration file: conf.d/webserv.conf
[INFO] conf.d/webserv.conf: Success
[INFO] STATUS Running...
[INFO] STATUS Stopping...
